Dataset: nsl_kdd_dataset.csv
Shape: (22544, 42)

Columns:
['duration', 'protocol_type', 'service', 'flag', 'src_bytes', 'dst_bytes', 'land', 'wrong_fragment', 'urgent', 'hot', 'num_failed_logins', 'logged_in', 'num_compromised', 'root_shell', 'su_attempted', 'num_root', 'num_file_creations', 'num_shells', 'num_access_files', 'num_outbound_cmds', 'is_host_login', 'is_guest_login', 'count', 'srv_count', 'serror_rate', 'srv_serror_rate', 'rerror_rate', 'srv_rerror_rate', 'same_srv_rate', 'diff_srv_rate', 'srv_diff_host_rate', 'dst_host_count', 'dst_host_srv_count', 'dst_host_same_srv_rate', 'dst_host_diff_srv_rate', 'dst_host_same_src_port_rate', 'dst_host_srv_diff_host_rate', 'dst_host_serror_rate', 'dst_host_srv_serror_rate', 'dst_host_rerror_rate', 'dst_host_srv_rerror_rate', 'labels']

Data types:
duration                         int64
protocol_type                   object
service                         object
flag                            object
src_bytes                        int64
dst_bytes                        int64
land                             int64
wrong_fragment                   int64
urgent                           int64
hot                              int64
num_failed_logins                int64
logged_in                        int64
num_compromised                  int64
root_shell                       int64
su_attempted                     int64
num_root                         int64
num_file_creations               int64
num_shells                       int64
num_access_files                 int64
num_outbound_cmds                int64
is_host_login                    int64
is_guest_login                   int64
count                            int64
srv_count                        int64
serror_rate                    float64
srv_serror_rate                float64
rerror_rate                    float64
srv_rerror_rate                float64
same_srv_rate                  float64
diff_srv_rate                  float64
srv_diff_host_rate             float64
dst_host_count                   int64
dst_host_srv_count               int64
dst_host_same_srv_rate         float64
dst_host_diff_srv_rate         float64
dst_host_same_src_port_rate    float64
dst_host_srv_diff_host_rate    float64
dst_host_serror_rate           float64
dst_host_srv_serror_rate       float64
dst_host_rerror_rate           float64
dst_host_srv_rerror_rate       float64
labels                          object

First 5 rows:
   duration protocol_type   service  flag  src_bytes  dst_bytes  land  wrong_fragment  urgent  hot  num_failed_logins  logged_in  num_compromised  root_shell  su_attempted  num_root  num_file_creations  num_shells  num_access_files  num_outbound_cmds  is_host_login  is_guest_login  count  srv_count  serror_rate  srv_serror_rate  rerror_rate  srv_rerror_rate  same_srv_rate  diff_srv_rate  srv_diff_host_rate  dst_host_count  dst_host_srv_count  dst_host_same_srv_rate  dst_host_diff_srv_rate  dst_host_same_src_port_rate  dst_host_srv_diff_host_rate  dst_host_serror_rate  dst_host_srv_serror_rate  dst_host_rerror_rate  dst_host_srv_rerror_rate     labels
0         5           tcp      smtp    SF       2429        475     0               0       0    0                  0          1                0           0             0         0                   0           0                 0                  0              0               0      1          1          0.0              0.0          0.0              0.0           1.00           0.00                0.00             180                  57                    0.11                    0.02                         0.01                         0.04                   0.0                       0.0                  0.87                       0.0     normal
1         0           udp  domain_u    SF         45        134     0               0       0    0                  0          0                0           0             0         0                   0           0                 0                  0              0               0    192        269          0.0              0.0          0.0              0.0           0.99           0.01                0.01             194                 155                    0.80                    0.02                         0.01                         0.00                   0.0                       0.0                  0.00                       0.0     normal
2         0           udp  domain_u    SF         45         80     0               0       0    0                  0          0                0           0             0         0                   0           0                 0                  0              0               0    121        121          0.0              0.0          0.0              0.0           1.00           0.00                0.00             255                 255                    1.00                    0.00                         0.01                         0.00                   0.0                       0.0                  0.00                       0.0     normal
3      1979           udp     other    SF        145        105     0               0       0    0                  0          0                0           0             0         0                   0           0                 0                  0              0               0      2          2          0.0              0.0          0.0              0.0           1.00           0.00                0.00             255                   2                    0.01                    0.84                         1.00                         0.00                   0.0                       0.0                  0.00                       0.0     normal
4     14462           tcp     other  RSTR          1          0     0               0       0    0                  0          0                0           0             0         0                   0           0                 0                  0              0               0      2          2          0.0              0.0          1.0              1.0           1.00           0.00                0.00             255                   2                    0.01                    0.68                         1.00                         0.00                   0.0                       0.0                  1.00                       1.0  portsweep

Missing values: 0
Duplicate rows: 31
Target column: labels

Target distribution:
labels
normal             11245
neptune             6654
satan                698
smurf                540
ipsweep              479
guess_passwd         411
portsweep            371
mscan                310
warezmaster          279
apache2              228
back                 227
processtable         211
nmap                 206
warezclient          107
teardrop             104
snmpguess             99
mailbomb              94
saint                 93
snmpgetattack         43
httptunnel            41
pod                   35
buffer_overflow       17
multihop               9
ps                     9
sendmail               8
xlock                  4
loadmodule             4
rootkit                4
xterm                  3
land                   2
imap                   2
ftp_write              2
named                  2
phf                    1
perl                   1
xsnoop                 1
